reports/com-arkivanov-mvikotlin/3-3-0-to-4-4-0/run-26309626980/phase1/before/shared/build/outputs/logs/manifest-merger-release-report.txt
-- Merging decision tree log ---
manifest
ADDED from ProcessLibraryManifest/release/tempAndroidManifest12051201217221316642.xml:2:13-83
INJECTED from ProcessLibraryManifest/release/tempAndroidManifest12051201217221316642.xml:2:13-83
	package
		INJECTED from ProcessLibraryManifest/release/tempAndroidManifest12051201217221316642.xml
	xmlns:android
		ADDED from ProcessLibraryManifest/release/tempAndroidManifest12051201217221316642.xml:2:23-81
uses-sdk
INJECTED from ProcessLibraryManifest/release/tempAndroidManifest12051201217221316642.xml reason: use-sdk injection requested
INJECTED from ProcessLibraryManifest/release/tempAndroidManifest12051201217221316642.xml
INJECTED from ProcessLibraryManifest/release/tempAndroidManifest12051201217221316642.xml
	android:targetSdkVersion
		INJECTED from ProcessLibraryManifest/release/tempAndroidManifest12051201217221316642.xml
	android:minSdkVersion
		INJECTED from ProcessLibraryManifest/release/tempAndroidManifest12051201217221316642.xml